Flutter crash report.
Please report a bug at https://github.com/flutter/flutter/issues.

## command

flutter run

## exception

PathNotFoundException: PathNotFoundException: Cannot open file, path = 'C:\Users\MOUSSA BALIYO\Downloads\flutter\bin\cache\dart-sdk\lib\dev_compiler\amd\require.js' (OS Error: Le chemin d’accès spécifié est introuvable.
, errno = 3)

```
#0      _File.throwIfError (dart:io/file_impl.dart:782:7)
#1      _File.openSync (dart:io/file_impl.dart:575:5)
#2      _File.readAsBytesSync (dart:io/file_impl.dart:663:18)
#3      ForwardingFile.readAsBytesSync (package:file/src/forwarding/forwarding_file.dart:91:43)
#4      ForwardingFile.readAsBytesSync (package:file/src/forwarding/forwarding_file.dart:91:43)
#5      WebDevFS.update (package:flutter_tools/src/isolated/devfs_web.dart:997:59)
#6      ResidentWebRunner._updateDevFS (package:flutter_tools/src/isolated/resident_web_runner.dart:584:56)
<asynchronous suspension>
#7      ResidentWebRunner.run.<anonymous closure> (package:flutter_tools/src/isolated/resident_web_runner.dart:329:41)
<asynchronous suspension>
#8      asyncGuard.<anonymous closure> (package:flutter_tools/src/base/async_guard.dart:109:26)
<asynchronous suspension>
```

## flutter doctor

```
[31m[☠][39m Flutter (the doctor check crashed)
    [31m✗[39m Due to an error, the doctor check did not complete. If the error message below is not helpful, please let us know about this issue at
      https://github.com/flutter/flutter/issues.
    [31m✗[39m Exception: Could not find directory at C:\Users\MOUSSA BALIYO\Downloads\flutter\bin\cache\dart-sdk/bin/resources/devtools
    [32m•[39m #0      Cache.devToolsVersion (package:flutter_tools/src/cache.dart:429:9)
      #1      _DefaultDoctorValidatorsProvider.validators.<anonymous closure> (package:flutter_tools/src/doctor.dart:138:46)
      #2      FlutterValidator.validateImpl (package:flutter_tools/src/doctor.dart:594:84)
      #3      DoctorValidator.validate (package:flutter_tools/src/doctor_validator.dart:58:43)
      #4      Doctor.startValidatorTasks.<anonymous closure> (package:flutter_tools/src/doctor.dart:244:72)
      #5      asyncGuard.<anonymous closure> (package:flutter_tools/src/base/async_guard.dart:109:34)
      #6      _rootRun (dart:async/zone.dart:1525:13)
      #7      _CustomZone.run (dart:async/zone.dart:1422:19)
      #8      _runZoned (dart:async/zone.dart:2034:6)
      #9      runZonedGuarded (dart:async/zone.dart:2020:12)
      #10     runZoned (dart:async/zone.dart:1952:12)
      #11     asyncGuard (package:flutter_tools/src/base/async_guard.dart:106:3)
      #12     Doctor.startValidatorTasks (package:flutter_tools/src/doctor.dart:234:9)
      #13     DoctorText._validatorTasks (package:flutter_tools/src/doctor.dart:827:60)
      #14     DoctorText._validatorTasks (package:flutter_tools/src/doctor.dart)
      #15     DoctorText._runDiagnosis (package:flutter_tools/src/doctor.dart:832:32)
      #16     DoctorText.text (package:flutter_tools/src/doctor.dart:823:36)
      #17     DoctorText.text (package:flutter_tools/src/doctor.dart)
      #18     _createLocalCrashReport (package:flutter_tools/runner.dart:274:51)
      #19     _handleToolError (package:flutter_tools/runner.dart:235:31)
      <asynchronous suspension>
      #20     AppContext.run.<anonymous closure> (package:flutter_tools/src/base/context.dart:154:19)
      <asynchronous suspension>
      #21     main (package:flutter_tools/executable.dart:99:3)
      <asynchronous suspension>


[32m[✓][39m Windows Version (10 Professionnel 64 bits, 22H2, 2009) [29,6s]

[32m[✓][39m Android toolchain - develop for Android devices (Android SDK version 34.0.0) [54,6s]
    [32m•[39m Android SDK at C:\Users\Public\android\sdk
    [32m•[39m Platform android-34, build-tools 34.0.0
    [32m•[39m ANDROID_HOME = C:\Users\Public\android\sdk
    [32m•[39m Java binary at: C:\Program Files\Android\Android Studio\jbr\bin\java
      This is the JDK bundled with the latest Android Studio installation on this machine.
      To manually set the JDK path, use: `flutter config --jdk-dir="path/to/jdk"`.
    [32m•[39m Java version OpenJDK Runtime Environment (build 21.0.3+-12282718-b509.11)
    [32m•[39m All Android licenses accepted.

[32m[✓][39m Chrome - develop for the web [24ms]
    [32m•[39m Chrome at C:\Program Files\Google\Chrome\Application\chrome.exe

[31m[✗][39m Visual Studio - develop Windows apps [21ms]
    [31m✗[39m Visual Studio not installed; this is necessary to develop Windows apps.
      Download at https://visualstudio.microsoft.com/downloads/.
      Please install the "Desktop development with C++" workload, including all of its default components

[32m[✓][39m Android Studio (version 2024.2) [13ms]
    [32m•[39m Android Studio at C:\Program Files\Android\Android Studio
    [32m•[39m Flutter plugin can be installed from:
      🔨 https://plugins.jetbrains.com/plugin/9212-flutter
    [32m•[39m Dart plugin can be installed from:
      🔨 https://plugins.jetbrains.com/plugin/6351-dart
    [32m•[39m Java version OpenJDK Runtime Environment (build 21.0.3+-12282718-b509.11)

[32m[✓][39m VS Code (version 1.105.1) [8ms]
    [32m•[39m VS Code at C:\Users\MOUSSA BALIYO\AppData\Local\Programs\Microsoft VS Code
    [32m•[39m Flutter extension version 3.120.0

[32m[✓][39m Connected device (3 available) [693ms]
    [32m•[39m Windows (desktop) • windows • windows-x64    • Microsoft Windows [version 10.0.19045.5917]
    [32m•[39m Chrome (web)      • chrome  • web-javascript • Google Chrome 141.0.7390.108
    [32m•[39m Edge (web)        • edge    • web-javascript • Microsoft Edge 141.0.3537.92

[32m[✓][39m Network resources [32,2s]
    [32m•[39m All expected network resources are available.

[33m![39m Doctor found issues in 2 categories.
```
